# JRE version: Java(TM) SE Runtime Environment (8.0_112-b15) (build 1.8.0_112-b15)
# Java VM: Java HotSpot(TM) 64-Bit Server VM (25.112-b15 mixed mode windows-amd64 compressed oops)
Heap:
 PSYoungGen      total 18944K, used 3218K [0x00000000eaf80000, 0x00000000ec480000, 0x0000000100000000)
  eden space 16384K, 19% used [0x00000000eaf80000,0x00000000eb2a48c0,0x00000000ebf80000)
  from space 2560K, 0% used [0x00000000ebf80000,0x00000000ebf80000,0x00000000ec200000)
  to   space 2560K, 0% used [0x00000000ec200000,0x00000000ec200000,0x00000000ec480000)
 ParOldGen       total 24064K, used 914K [0x00000000c0e00000, 0x00000000c2580000, 0x00000000eaf80000)
  object space 24064K, 3% used [0x00000000c0e00000,0x00000000c0ee48d8,0x00000000c2580000)
 Metaspace       used 10649K, capacity 10920K, committed 11136K, reserved 1062912K
  class space    used 1453K, capacity 1544K, committed 1664K, reserved 1048576K
GC Heap History (4 events):
Event: 0.347 GC heap before
{Heap before GC invocations=1 (full 0):
 PSYoungGen      total 18944K, used 3935K [0x00000000eaf80000, 0x00000000ec480000, 0x0000000100000000)
  eden space 16384K, 24% used [0x00000000eaf80000,0x00000000eb357fc8,0x00000000ebf80000)
  from space 2560K, 0% used [0x00000000ec200000,0x00000000ec200000,0x00000000ec480000)
  to   space 2560K, 0% used [0x00000000ebf80000,0x00000000ebf80000,0x00000000ec200000)
 ParOldGen       total 44032K, used 0K [0x00000000c0e00000, 0x00000000c3900000, 0x00000000eaf80000)
  object space 44032K, 0% used [0x00000000c0e00000,0x00000000c0e00000,0x00000000c3900000)
 Metaspace       used 6377K, capacity 6490K, committed 6528K, reserved 1060864K
  class space    used 785K, capacity 864K, committed 896K, reserved 1048576K
Event: 0.365 GC heap after
Heap after GC invocations=1 (full 0):
 PSYoungGen      total 18944K, used 1056K [0x00000000eaf80000, 0x00000000ec480000, 0x0000000100000000)
  eden space 16384K, 0% used [0x00000000eaf80000,0x00000000eaf80000,0x00000000ebf80000)
  from space 2560K, 41% used [0x00000000ebf80000,0x00000000ec088000,0x00000000ec200000)
  to   space 2560K, 0% used [0x00000000ec200000,0x00000000ec200000,0x00000000ec480000)
 ParOldGen       total 44032K, used 8K [0x00000000c0e00000, 0x00000000c3900000, 0x00000000eaf80000)
  object space 44032K, 0% used [0x00000000c0e00000,0x00000000c0e02000,0x00000000c3900000)
 Metaspace       used 6377K, capacity 6490K, committed 6528K, reserved 1060864K
  class space    used 785K, capacity 864K, committed 896K, reserved 1048576K
}
Event: 0.365 GC heap before
{Heap before GC invocations=2 (full 1):
 PSYoungGen      total 18944K, used 1056K [0x00000000eaf80000, 0x00000000ec480000, 0x0000000100000000)
  eden space 16384K, 0% used [0x00000000eaf80000,0x00000000eaf80000,0x00000000ebf80000)
  from space 2560K, 41% used [0x00000000ebf80000,0x00000000ec088000,0x00000000ec200000)
  to   space 2560K, 0% used [0x00000000ec200000,0x00000000ec200000,0x00000000ec480000)
 ParOldGen       total 44032K, used 8K [0x00000000c0e00000, 0x00000000c3900000, 0x00000000eaf80000)
  object space 44032K, 0% used [0x00000000c0e00000,0x00000000c0e02000,0x00000000c3900000)
 Metaspace       used 6377K, capacity 6490K, committed 6528K, reserved 1060864K
  class space    used 785K, capacity 864K, committed 896K, reserved 1048576K
Event: 0.377 GC heap after
Heap after GC invocations=2 (full 1):
 PSYoungGen      total 18944K, used 0K [0x00000000eaf80000, 0x00000000ec480000, 0x0000000100000000)
  eden space 16384K, 0% used [0x00000000eaf80000,0x00000000eaf80000,0x00000000ebf80000)
  from space 2560K, 0% used [0x00000000ebf80000,0x00000000ebf80000,0x00000000ec200000)
  to   space 2560K, 0% used [0x00000000ec200000,0x00000000ec200000,0x00000000ec480000)
 ParOldGen       total 24064K, used 914K [0x00000000c0e00000, 0x00000000c2580000, 0x00000000eaf80000)
  object space 24064K, 3% used [0x00000000c0e00000,0x00000000c0ee48d8,0x00000000c2580000)
 Metaspace       used 6377K, capacity 6490K, committed 6528K, reserved 1058816K
  class space    used 785K, capacity 864K, committed 896K, reserved 1048576K
}

